2021-12-02 22:24:04,864 INFO org.springframework.boot.StartupInfoLogger [restartedMain] Starting Application using Java 1.8.0_241 on NAUTILUS with PID 6216 (C:\Users\MPutt\api\power-api\target\classes started by MPutt in C:\Users\MPutt\api\power-api)
2021-12-02 22:24:04,880 DEBUG org.springframework.boot.StartupInfoLogger [restartedMain] Running with Spring Boot v2.5.2, Spring v5.3.8
2021-12-02 22:24:04,880 INFO org.springframework.boot.SpringApplication [restartedMain] The following profiles are active: local
2021-12-02 22:24:05,051 INFO org.springframework.boot.logging.DeferredLog [restartedMain] The Class-Path manifest attribute in C:\Users\MPutt\.m2\repository\xalan\xalan\2.7.2\xalan-2.7.2.jar referenced one or more files that do not exist: file:/C:/Users/MPutt/.m2/repository/xalan/xalan/2.7.2/xercesImpl.jar,file:/C:/Users/MPutt/.m2/repository/xalan/xalan/2.7.2/xml-apis.jar,file:/C:/Users/MPutt/.m2/repository/xalan/xalan/2.7.2/serializer.jar
2021-12-02 22:24:05,051 INFO org.springframework.boot.logging.DeferredLog [restartedMain] The Class-Path manifest attribute in C:\Users\MPutt\.m2\repository\xalan\serializer\2.7.2\serializer-2.7.2.jar referenced one or more files that do not exist: file:/C:/Users/MPutt/.m2/repository/xalan/serializer/2.7.2/xml-apis.jar
2021-12-02 22:24:05,051 INFO org.springframework.boot.logging.DeferredLog [restartedMain] Devtools property defaults active! Set 'spring.devtools.add-properties' to 'false' to disable
2021-12-02 22:24:05,051 INFO org.springframework.boot.logging.DeferredLog [restartedMain] For additional web related logging consider setting the 'logging.level.web' property to 'DEBUG'
2021-12-02 22:24:08,003 INFO org.springframework.data.repository.config.RepositoryConfigurationDelegate [restartedMain] Bootstrapping Spring Data JPA repositories in DEFAULT mode.
2021-12-02 22:24:08,050 INFO org.springframework.data.repository.config.RepositoryConfigurationDelegate [restartedMain] Finished Spring Data repository scanning in 23 ms. Found 0 JPA repository interfaces.
2021-12-02 22:24:09,277 INFO org.springframework.core.log.LogAccessor [restartedMain] No bean named 'errorChannel' has been explicitly defined. Therefore, a default PublishSubscribeChannel will be created.
2021-12-02 22:24:09,304 INFO org.springframework.core.log.LogAccessor [restartedMain] No bean named 'integrationHeaderChannelRegistry' has been explicitly defined. Therefore, a default DefaultHeaderChannelRegistry will be created.
2021-12-02 22:24:09,741 INFO org.springframework.context.support.PostProcessorRegistrationDelegate$BeanPostProcessorChecker [restartedMain] Bean 'org.springframework.integration.config.IntegrationManagementConfiguration' of type [org.springframework.integration.config.IntegrationManagementConfiguration] is not eligible for getting processed by all BeanPostProcessors (for example: not eligible for auto-proxying)
2021-12-02 22:24:09,757 INFO org.springframework.context.support.PostProcessorRegistrationDelegate$BeanPostProcessorChecker [restartedMain] Bean 'integrationChannelResolver' of type [org.springframework.integration.support.channel.BeanFactoryChannelResolver] is not eligible for getting processed by all BeanPostProcessors (for example: not eligible for auto-proxying)
2021-12-02 22:24:09,773 INFO org.springframework.context.support.PostProcessorRegistrationDelegate$BeanPostProcessorChecker [restartedMain] Bean 'integrationDisposableAutoCreatedBeans' of type [org.springframework.integration.config.annotation.Disposables] is not eligible for getting processed by all BeanPostProcessors (for example: not eligible for auto-proxying)
2021-12-02 22:24:10,710 INFO org.springframework.boot.web.embedded.tomcat.TomcatWebServer [restartedMain] Tomcat initialized with port(s): 8081 (http)
2021-12-02 22:24:10,726 INFO org.apache.juli.logging.DirectJDKLog [restartedMain] Initializing ProtocolHandler ["http-nio-0.0.0.0-8081"]
2021-12-02 22:24:10,726 INFO org.apache.juli.logging.DirectJDKLog [restartedMain] Starting service [Tomcat]
2021-12-02 22:24:10,726 INFO org.apache.juli.logging.DirectJDKLog [restartedMain] Starting Servlet engine: [Apache Tomcat/9.0.48]
2021-12-02 22:24:10,945 INFO org.apache.juli.logging.DirectJDKLog [restartedMain] Initializing Spring embedded WebApplicationContext
2021-12-02 22:24:10,945 INFO org.springframework.boot.web.servlet.context.ServletWebServerApplicationContext [restartedMain] Root WebApplicationContext: initialization completed in 5894 ms
2021-12-02 22:24:11,413 WARN org.springframework.context.support.AbstractApplicationContext [restartedMain] Exception encountered during context initialization - cancelling refresh attempt: org.springframework.beans.factory.UnsatisfiedDependencyException: Error creating bean with name 'dataSourceScriptDatabaseInitializer' defined in class path resource [org/springframework/boot/autoconfigure/sql/init/DataSourceInitializationConfiguration.class]: Unsatisfied dependency expressed through method 'dataSourceScriptDatabaseInitializer' parameter 0; nested exception is org.springframework.beans.factory.BeanCreationException: Error creating bean with name 'dataSource' defined in class path resource [org/springframework/boot/autoconfigure/jdbc/DataSourceConfiguration$Hikari.class]: Bean instantiation via factory method failed; nested exception is org.springframework.beans.BeanInstantiationException: Failed to instantiate [com.zaxxer.hikari.HikariDataSource]: Factory method 'dataSource' threw exception; nested exception is org.springframework.boot.autoconfigure.jdbc.DataSourceProperties$DataSourceBeanCreationException: Failed to determine a suitable driver class
2021-12-02 22:24:11,429 INFO org.apache.juli.logging.DirectJDKLog [restartedMain] Stopping service [Tomcat]
2021-12-02 22:24:11,460 INFO org.springframework.boot.autoconfigure.logging.ConditionEvaluationReportLoggingListener [restartedMain] 

Error starting ApplicationContext. To display the conditions report re-run your application with 'debug' enabled.
2021-12-02 22:24:11,523 ERROR org.springframework.boot.diagnostics.LoggingFailureAnalysisReporter [restartedMain] 

***************************
APPLICATION FAILED TO START
***************************

Description:

Failed to configure a DataSource: 'url' attribute is not specified and no embedded datasource could be configured.

Reason: Failed to determine a suitable driver class


Action:

Consider the following:
	If you want an embedded database (H2, HSQL or Derby), please put it on the classpath.
	If you have database settings to be loaded from a particular profile you may need to activate it (the profiles local are currently active).

2021-12-02 22:25:20,906 INFO org.springframework.boot.StartupInfoLogger [restartedMain] Starting Application using Java 1.8.0_241 on NAUTILUS with PID 16232 (C:\Users\MPutt\api\power-api\target\classes started by MPutt in C:\Users\MPutt\api\power-api)
2021-12-02 22:25:20,912 DEBUG org.springframework.boot.StartupInfoLogger [restartedMain] Running with Spring Boot v2.5.2, Spring v5.3.8
2021-12-02 22:25:20,913 INFO org.springframework.boot.SpringApplication [restartedMain] The following profiles are active: local
2021-12-02 22:25:21,075 INFO org.springframework.boot.logging.DeferredLog [restartedMain] The Class-Path manifest attribute in C:\Users\MPutt\.m2\repository\xalan\xalan\2.7.2\xalan-2.7.2.jar referenced one or more files that do not exist: file:/C:/Users/MPutt/.m2/repository/xalan/xalan/2.7.2/xercesImpl.jar,file:/C:/Users/MPutt/.m2/repository/xalan/xalan/2.7.2/xml-apis.jar,file:/C:/Users/MPutt/.m2/repository/xalan/xalan/2.7.2/serializer.jar
2021-12-02 22:25:21,076 INFO org.springframework.boot.logging.DeferredLog [restartedMain] The Class-Path manifest attribute in C:\Users\MPutt\.m2\repository\xalan\serializer\2.7.2\serializer-2.7.2.jar referenced one or more files that do not exist: file:/C:/Users/MPutt/.m2/repository/xalan/serializer/2.7.2/xml-apis.jar
2021-12-02 22:25:21,077 INFO org.springframework.boot.logging.DeferredLog [restartedMain] Devtools property defaults active! Set 'spring.devtools.add-properties' to 'false' to disable
2021-12-02 22:25:21,077 INFO org.springframework.boot.logging.DeferredLog [restartedMain] For additional web related logging consider setting the 'logging.level.web' property to 'DEBUG'
2021-12-02 22:25:23,250 INFO org.springframework.core.log.LogAccessor [restartedMain] No bean named 'errorChannel' has been explicitly defined. Therefore, a default PublishSubscribeChannel will be created.
2021-12-02 22:25:23,266 INFO org.springframework.core.log.LogAccessor [restartedMain] No bean named 'integrationHeaderChannelRegistry' has been explicitly defined. Therefore, a default DefaultHeaderChannelRegistry will be created.
2021-12-02 22:25:23,830 INFO org.springframework.context.support.PostProcessorRegistrationDelegate$BeanPostProcessorChecker [restartedMain] Bean 'org.springframework.integration.config.IntegrationManagementConfiguration' of type [org.springframework.integration.config.IntegrationManagementConfiguration] is not eligible for getting processed by all BeanPostProcessors (for example: not eligible for auto-proxying)
2021-12-02 22:25:23,845 INFO org.springframework.context.support.PostProcessorRegistrationDelegate$BeanPostProcessorChecker [restartedMain] Bean 'integrationChannelResolver' of type [org.springframework.integration.support.channel.BeanFactoryChannelResolver] is not eligible for getting processed by all BeanPostProcessors (for example: not eligible for auto-proxying)
2021-12-02 22:25:23,845 INFO org.springframework.context.support.PostProcessorRegistrationDelegate$BeanPostProcessorChecker [restartedMain] Bean 'integrationDisposableAutoCreatedBeans' of type [org.springframework.integration.config.annotation.Disposables] is not eligible for getting processed by all BeanPostProcessors (for example: not eligible for auto-proxying)
2021-12-02 22:25:24,511 INFO org.springframework.boot.web.embedded.tomcat.TomcatWebServer [restartedMain] Tomcat initialized with port(s): 8081 (http)
2021-12-02 22:25:24,535 INFO org.apache.juli.logging.DirectJDKLog [restartedMain] Initializing ProtocolHandler ["http-nio-0.0.0.0-8081"]
2021-12-02 22:25:24,535 INFO org.apache.juli.logging.DirectJDKLog [restartedMain] Starting service [Tomcat]
2021-12-02 22:25:24,535 INFO org.apache.juli.logging.DirectJDKLog [restartedMain] Starting Servlet engine: [Apache Tomcat/9.0.48]
2021-12-02 22:25:24,738 INFO org.apache.juli.logging.DirectJDKLog [restartedMain] Initializing Spring embedded WebApplicationContext
2021-12-02 22:25:24,738 INFO org.springframework.boot.web.servlet.context.ServletWebServerApplicationContext [restartedMain] Root WebApplicationContext: initialization completed in 3660 ms
2021-12-02 22:25:28,060 INFO org.springframework.boot.autoconfigure.security.servlet.UserDetailsServiceAutoConfiguration [restartedMain] 

Using generated security password: 5ccc61c0-eaac-4349-ae95-928b54609211

2021-12-02 22:25:28,430 INFO org.springframework.boot.actuate.endpoint.web.EndpointLinksResolver [restartedMain] Exposing 1 endpoint(s) beneath base path '/actuator'
2021-12-02 22:25:28,458 INFO org.springframework.security.web.DefaultSecurityFilterChain [restartedMain] Will secure any request with [org.springframework.security.web.context.request.async.WebAsyncManagerIntegrationFilter@4e514671, org.springframework.security.web.context.SecurityContextPersistenceFilter@2d0af3ca, org.springframework.security.web.header.HeaderWriterFilter@7b569295, org.springframework.web.filter.CorsFilter@845690, org.springframework.security.web.csrf.CsrfFilter@403c9dc, org.springframework.security.web.authentication.logout.LogoutFilter@3c4d0f8b, org.springframework.security.web.authentication.UsernamePasswordAuthenticationFilter@60fd1858, org.springframework.security.web.authentication.ui.DefaultLoginPageGeneratingFilter@6564757c, org.springframework.security.web.authentication.ui.DefaultLogoutPageGeneratingFilter@528e8ac7, org.springframework.security.web.authentication.www.BasicAuthenticationFilter@6ba8c53, org.springframework.security.web.savedrequest.RequestCacheAwareFilter@40175ac, org.springframework.security.web.servletapi.SecurityContextHolderAwareRequestFilter@47f5eb89, org.springframework.security.web.authentication.AnonymousAuthenticationFilter@6e4aeaf7, org.springframework.security.web.session.SessionManagementFilter@1fcfa5af, org.springframework.security.web.access.ExceptionTranslationFilter@411271f3, org.springframework.security.web.access.intercept.FilterSecurityInterceptor@63709d3e]
2021-12-02 22:25:28,757 INFO org.springframework.boot.devtools.autoconfigure.OptionalLiveReloadServer [restartedMain] LiveReload server is running on port 35729
2021-12-02 22:25:29,007 INFO org.springframework.core.log.LogAccessor [restartedMain] Adding {logging-channel-adapter:_org.springframework.integration.errorLogger} as a subscriber to the 'errorChannel' channel
2021-12-02 22:25:29,008 INFO org.springframework.core.log.LogAccessor [restartedMain] Channel 'Power Usage API.errorChannel' has 1 subscriber(s).
2021-12-02 22:25:29,009 INFO org.springframework.core.log.LogAccessor [restartedMain] started bean '_org.springframework.integration.errorLogger'
2021-12-02 22:25:29,010 INFO org.springframework.core.log.LogAccessor [restartedMain] Adding {message-handler:mqttConfig.mqttOutbound.serviceActivator} as a subscriber to the 'mqttOutboundChannel' channel
2021-12-02 22:25:29,011 INFO org.springframework.core.log.LogAccessor [restartedMain] Channel 'Power Usage API.mqttOutboundChannel' has 1 subscriber(s).
2021-12-02 22:25:29,012 INFO org.springframework.core.log.LogAccessor [restartedMain] started bean 'mqttConfig.mqttOutbound.serviceActivator'
2021-12-02 22:25:29,013 INFO org.springframework.core.log.LogAccessor [restartedMain] started bean 'mqttConfig$MqttGateway#sendToMqtt(String)'
2021-12-02 22:25:29,014 INFO org.springframework.core.log.LogAccessor [restartedMain] started bean 'mqttConfig$MqttGateway'
2021-12-02 22:25:29,015 INFO org.apache.juli.logging.DirectJDKLog [restartedMain] Starting ProtocolHandler ["http-nio-0.0.0.0-8081"]
2021-12-02 22:25:29,049 INFO org.springframework.boot.web.embedded.tomcat.TomcatWebServer [restartedMain] Tomcat started on port(s): 8081 (http) with context path ''
2021-12-02 22:25:29,103 INFO org.springframework.boot.StartupInfoLogger [restartedMain] Started Application in 9.242 seconds (JVM running for 12.263)
2021-12-02 22:28:09,620 INFO org.springframework.core.log.LogAccessor [SpringApplicationShutdownHook] stopped bean 'mqttConfig$MqttGateway#sendToMqtt(String)'
2021-12-02 22:28:09,620 INFO org.springframework.core.log.LogAccessor [SpringApplicationShutdownHook] stopped bean 'mqttConfig$MqttGateway'
2021-12-02 22:28:09,620 INFO org.springframework.core.log.LogAccessor [SpringApplicationShutdownHook] Removing {logging-channel-adapter:_org.springframework.integration.errorLogger} as a subscriber to the 'errorChannel' channel
2021-12-02 22:28:09,620 INFO org.springframework.core.log.LogAccessor [SpringApplicationShutdownHook] Channel 'Power Usage API.errorChannel' has 0 subscriber(s).
2021-12-02 22:28:09,620 INFO org.springframework.core.log.LogAccessor [SpringApplicationShutdownHook] stopped bean '_org.springframework.integration.errorLogger'
2021-12-02 22:28:09,620 INFO org.springframework.core.log.LogAccessor [SpringApplicationShutdownHook] Removing {message-handler:mqttConfig.mqttOutbound.serviceActivator} as a subscriber to the 'mqttOutboundChannel' channel
2021-12-02 22:28:09,620 INFO org.springframework.core.log.LogAccessor [SpringApplicationShutdownHook] Channel 'Power Usage API.mqttOutboundChannel' has 0 subscriber(s).
2021-12-02 22:28:09,620 INFO org.springframework.core.log.LogAccessor [SpringApplicationShutdownHook] stopped bean 'mqttConfig.mqttOutbound.serviceActivator'
2021-12-02 22:32:11,157 INFO org.springframework.boot.StartupInfoLogger [restartedMain] Starting Application using Java 1.8.0_241 on NAUTILUS with PID 5976 (C:\Users\MPutt\api\power-api\target\classes started by MPutt in C:\Users\MPutt\api\power-api)
2021-12-02 22:32:11,203 DEBUG org.springframework.boot.StartupInfoLogger [restartedMain] Running with Spring Boot v2.5.2, Spring v5.3.8
2021-12-02 22:32:11,203 INFO org.springframework.boot.SpringApplication [restartedMain] The following profiles are active: local
2021-12-02 22:32:11,453 INFO org.springframework.boot.logging.DeferredLog [restartedMain] The Class-Path manifest attribute in C:\Users\MPutt\.m2\repository\xalan\xalan\2.7.2\xalan-2.7.2.jar referenced one or more files that do not exist: file:/C:/Users/MPutt/.m2/repository/xalan/xalan/2.7.2/xercesImpl.jar,file:/C:/Users/MPutt/.m2/repository/xalan/xalan/2.7.2/xml-apis.jar,file:/C:/Users/MPutt/.m2/repository/xalan/xalan/2.7.2/serializer.jar
2021-12-02 22:32:11,453 INFO org.springframework.boot.logging.DeferredLog [restartedMain] The Class-Path manifest attribute in C:\Users\MPutt\.m2\repository\xalan\serializer\2.7.2\serializer-2.7.2.jar referenced one or more files that do not exist: file:/C:/Users/MPutt/.m2/repository/xalan/serializer/2.7.2/xml-apis.jar
2021-12-02 22:32:11,453 INFO org.springframework.boot.logging.DeferredLog [restartedMain] Devtools property defaults active! Set 'spring.devtools.add-properties' to 'false' to disable
2021-12-02 22:32:11,453 INFO org.springframework.boot.logging.DeferredLog [restartedMain] For additional web related logging consider setting the 'logging.level.web' property to 'DEBUG'
2021-12-02 22:32:14,034 INFO org.springframework.core.log.LogAccessor [restartedMain] No bean named 'errorChannel' has been explicitly defined. Therefore, a default PublishSubscribeChannel will be created.
2021-12-02 22:32:14,065 INFO org.springframework.core.log.LogAccessor [restartedMain] No bean named 'integrationHeaderChannelRegistry' has been explicitly defined. Therefore, a default DefaultHeaderChannelRegistry will be created.
2021-12-02 22:32:14,581 INFO org.springframework.context.support.PostProcessorRegistrationDelegate$BeanPostProcessorChecker [restartedMain] Bean 'org.springframework.integration.config.IntegrationManagementConfiguration' of type [org.springframework.integration.config.IntegrationManagementConfiguration] is not eligible for getting processed by all BeanPostProcessors (for example: not eligible for auto-proxying)
2021-12-02 22:32:14,596 INFO org.springframework.context.support.PostProcessorRegistrationDelegate$BeanPostProcessorChecker [restartedMain] Bean 'integrationChannelResolver' of type [org.springframework.integration.support.channel.BeanFactoryChannelResolver] is not eligible for getting processed by all BeanPostProcessors (for example: not eligible for auto-proxying)
2021-12-02 22:32:14,596 INFO org.springframework.context.support.PostProcessorRegistrationDelegate$BeanPostProcessorChecker [restartedMain] Bean 'integrationDisposableAutoCreatedBeans' of type [org.springframework.integration.config.annotation.Disposables] is not eligible for getting processed by all BeanPostProcessors (for example: not eligible for auto-proxying)
2021-12-02 22:32:15,581 INFO org.springframework.boot.web.embedded.tomcat.TomcatWebServer [restartedMain] Tomcat initialized with port(s): 8081 (http)
2021-12-02 22:32:15,627 INFO org.apache.juli.logging.DirectJDKLog [restartedMain] Initializing ProtocolHandler ["http-nio-0.0.0.0-8081"]
2021-12-02 22:32:15,627 INFO org.apache.juli.logging.DirectJDKLog [restartedMain] Starting service [Tomcat]
2021-12-02 22:32:15,627 INFO org.apache.juli.logging.DirectJDKLog [restartedMain] Starting Servlet engine: [Apache Tomcat/9.0.48]
2021-12-02 22:32:15,893 INFO org.apache.juli.logging.DirectJDKLog [restartedMain] Initializing Spring embedded WebApplicationContext
2021-12-02 22:32:15,893 INFO org.springframework.boot.web.servlet.context.ServletWebServerApplicationContext [restartedMain] Root WebApplicationContext: initialization completed in 4440 ms
2021-12-02 22:32:18,875 INFO org.springframework.boot.autoconfigure.security.servlet.UserDetailsServiceAutoConfiguration [restartedMain] 

Using generated security password: 83a8a92e-311f-4992-a75f-3e679563cae7

2021-12-02 22:32:19,234 INFO org.springframework.boot.actuate.endpoint.web.EndpointLinksResolver [restartedMain] Exposing 1 endpoint(s) beneath base path '/actuator'
2021-12-02 22:32:19,265 INFO org.springframework.security.web.DefaultSecurityFilterChain [restartedMain] Will secure any request with [org.springframework.security.web.context.request.async.WebAsyncManagerIntegrationFilter@7763bb38, org.springframework.security.web.context.SecurityContextPersistenceFilter@e0661, org.springframework.security.web.header.HeaderWriterFilter@1ce0fe4c, org.springframework.web.filter.CorsFilter@66c2089c, org.springframework.security.web.csrf.CsrfFilter@26c5dba5, org.springframework.security.web.authentication.logout.LogoutFilter@37b7bfe9, org.springframework.security.web.authentication.UsernamePasswordAuthenticationFilter@5cc74300, org.springframework.security.web.authentication.ui.DefaultLoginPageGeneratingFilter@5751a4fd, org.springframework.security.web.authentication.ui.DefaultLogoutPageGeneratingFilter@3727e7f5, org.springframework.security.web.authentication.www.BasicAuthenticationFilter@478d6a4e, org.springframework.security.web.savedrequest.RequestCacheAwareFilter@2f3d51c0, org.springframework.security.web.servletapi.SecurityContextHolderAwareRequestFilter@6a43136f, org.springframework.security.web.authentication.AnonymousAuthenticationFilter@1b543445, org.springframework.security.web.session.SessionManagementFilter@10d555e, org.springframework.security.web.access.ExceptionTranslationFilter@1787037b, org.springframework.security.web.access.intercept.FilterSecurityInterceptor@72428b72]
2021-12-02 22:32:19,422 INFO org.springframework.boot.devtools.autoconfigure.OptionalLiveReloadServer [restartedMain] LiveReload server is running on port 35729
2021-12-02 22:32:19,547 INFO org.springframework.core.log.LogAccessor [restartedMain] Adding {logging-channel-adapter:_org.springframework.integration.errorLogger} as a subscriber to the 'errorChannel' channel
2021-12-02 22:32:19,547 INFO org.springframework.core.log.LogAccessor [restartedMain] Channel 'Power Usage API.errorChannel' has 1 subscriber(s).
2021-12-02 22:32:19,562 INFO org.springframework.core.log.LogAccessor [restartedMain] started bean '_org.springframework.integration.errorLogger'
2021-12-02 22:32:19,562 INFO org.springframework.core.log.LogAccessor [restartedMain] Adding {message-handler:mqttConfig.mqttOutbound.serviceActivator} as a subscriber to the 'mqttOutboundChannel' channel
2021-12-02 22:32:19,562 INFO org.springframework.core.log.LogAccessor [restartedMain] Channel 'Power Usage API.mqttOutboundChannel' has 1 subscriber(s).
2021-12-02 22:32:19,562 INFO org.springframework.core.log.LogAccessor [restartedMain] started bean 'mqttConfig.mqttOutbound.serviceActivator'
2021-12-02 22:32:19,562 INFO org.springframework.core.log.LogAccessor [restartedMain] started bean 'mqttConfig$MqttGateway#sendToMqtt(String)'
2021-12-02 22:32:19,562 INFO org.springframework.core.log.LogAccessor [restartedMain] started bean 'mqttConfig$MqttGateway'
2021-12-02 22:32:19,562 INFO org.apache.juli.logging.DirectJDKLog [restartedMain] Starting ProtocolHandler ["http-nio-0.0.0.0-8081"]
2021-12-02 22:32:19,594 INFO org.springframework.boot.web.embedded.tomcat.TomcatWebServer [restartedMain] Tomcat started on port(s): 8081 (http) with context path ''
2021-12-02 22:32:31,406 INFO org.springframework.boot.StartupInfoLogger [restartedMain] Started Application in 21.924 seconds (JVM running for 23.388)
2021-12-02 22:33:03,020 ERROR com.api.power.repository.ElectricKiwiRepository [scheduling-1] I/O error on POST request for "https://welcome.electrickiwi.co.nz/oauth/token": Connect to welcome.electrickiwi.co.nz:443 [welcome.electrickiwi.co.nz/13.248.222.93, welcome.electrickiwi.co.nz/76.223.71.243] failed: Read timed out; nested exception is org.apache.http.conn.ConnectTimeoutException: Connect to welcome.electrickiwi.co.nz:443 [welcome.electrickiwi.co.nz/13.248.222.93, welcome.electrickiwi.co.nz/76.223.71.243] failed: Read timed out
2021-12-02 22:35:08,881 ERROR org.springframework.scheduling.support.TaskUtils$LoggingErrorHandler [scheduling-1] Unexpected error occurred in scheduled task
org.springframework.web.client.ResourceAccessException: I/O error on POST request for "https://welcome.electrickiwi.co.nz/oauth/token": Connect to welcome.electrickiwi.co.nz:443 [welcome.electrickiwi.co.nz/13.248.222.93, welcome.electrickiwi.co.nz/76.223.71.243] failed: Read timed out; nested exception is org.apache.http.conn.ConnectTimeoutException: Connect to welcome.electrickiwi.co.nz:443 [welcome.electrickiwi.co.nz/13.248.222.93, welcome.electrickiwi.co.nz/76.223.71.243] failed: Read timed out
	at org.springframework.web.client.RestTemplate.doExecute(RestTemplate.java:785)
	at org.springframework.web.client.RestTemplate.execute(RestTemplate.java:711)
	at org.springframework.web.client.RestTemplate.postForObject(RestTemplate.java:437)
	at com.api.power.repository.ElectricKiwiRepository.getAccessToken(ElectricKiwiRepository.java:107)
	at com.api.power.repository.ElectricKiwiRepository.getSession(ElectricKiwiRepository.java:86)
	at com.api.power.repository.ElectricKiwiRepository$$FastClassBySpringCGLIB$$1124271.invoke(<generated>)
	at org.springframework.cglib.proxy.MethodProxy.invoke(MethodProxy.java:218)
	at org.springframework.aop.framework.CglibAopProxy$CglibMethodInvocation.invokeJoinpoint(CglibAopProxy.java:779)
	at org.springframework.aop.framework.ReflectiveMethodInvocation.proceed(ReflectiveMethodInvocation.java:163)
	at org.springframework.aop.framework.CglibAopProxy$CglibMethodInvocation.proceed(CglibAopProxy.java:750)
	at org.springframework.dao.support.PersistenceExceptionTranslationInterceptor.invoke(PersistenceExceptionTranslationInterceptor.java:137)
	at org.springframework.aop.framework.ReflectiveMethodInvocation.proceed(ReflectiveMethodInvocation.java:186)
	at org.springframework.aop.framework.CglibAopProxy$CglibMethodInvocation.proceed(CglibAopProxy.java:750)
	at org.springframework.aop.framework.CglibAopProxy$DynamicAdvisedInterceptor.intercept(CglibAopProxy.java:692)
	at com.api.power.repository.ElectricKiwiRepository$$EnhancerBySpringCGLIB$$e4a7c4d0.getSession(<generated>)
	at com.api.power.service.PowerService.getIcpFromSession(PowerService.java:82)
	at com.api.power.service.PowerService.getPowerUsageForCustomer(PowerService.java:61)
	at sun.reflect.NativeMethodAccessorImpl.invoke0(Native Method)
	at sun.reflect.NativeMethodAccessorImpl.invoke(NativeMethodAccessorImpl.java:62)
	at sun.reflect.DelegatingMethodAccessorImpl.invoke(DelegatingMethodAccessorImpl.java:43)
	at java.lang.reflect.Method.invoke(Method.java:498)
	at org.springframework.scheduling.support.ScheduledMethodRunnable.run(ScheduledMethodRunnable.java:84)
	at org.springframework.scheduling.support.DelegatingErrorHandlingRunnable.run(DelegatingErrorHandlingRunnable.java:54)
	at java.util.concurrent.Executors$RunnableAdapter.call(Executors.java:511)
	at java.util.concurrent.FutureTask.runAndReset$$$capture(FutureTask.java:308)
	at java.util.concurrent.FutureTask.runAndReset(FutureTask.java)
	at java.util.concurrent.ScheduledThreadPoolExecutor$ScheduledFutureTask.access$301(ScheduledThreadPoolExecutor.java:180)
	at java.util.concurrent.ScheduledThreadPoolExecutor$ScheduledFutureTask.run(ScheduledThreadPoolExecutor.java:294)
	at java.util.concurrent.ThreadPoolExecutor.runWorker(ThreadPoolExecutor.java:1149)
	at java.util.concurrent.ThreadPoolExecutor$Worker.run(ThreadPoolExecutor.java:624)
	at java.lang.Thread.run(Thread.java:748)
Caused by: org.apache.http.conn.ConnectTimeoutException: Connect to welcome.electrickiwi.co.nz:443 [welcome.electrickiwi.co.nz/13.248.222.93, welcome.electrickiwi.co.nz/76.223.71.243] failed: Read timed out
	at org.apache.http.impl.conn.DefaultHttpClientConnectionOperator.connect(DefaultHttpClientConnectionOperator.java:151)
	at org.apache.http.impl.conn.PoolingHttpClientConnectionManager.connect(PoolingHttpClientConnectionManager.java:376)
	at org.apache.http.impl.execchain.MainClientExec.establishRoute(MainClientExec.java:393)
	at org.apache.http.impl.execchain.MainClientExec.execute(MainClientExec.java:236)
	at org.apache.http.impl.execchain.ProtocolExec.execute(ProtocolExec.java:186)
	at org.apache.http.impl.execchain.RetryExec.execute(RetryExec.java:89)
	at org.apache.http.impl.execchain.RedirectExec.execute(RedirectExec.java:110)
	at org.apache.http.impl.client.InternalHttpClient.doExecute(InternalHttpClient.java:185)
	at org.apache.http.impl.client.CloseableHttpClient.execute(CloseableHttpClient.java:83)
	at org.apache.http.impl.client.CloseableHttpClient.execute(CloseableHttpClient.java:56)
	at org.springframework.http.client.HttpComponentsClientHttpRequest.executeInternal(HttpComponentsClientHttpRequest.java:87)
	at org.springframework.http.client.AbstractBufferingClientHttpRequest.executeInternal(AbstractBufferingClientHttpRequest.java:48)
	at org.springframework.http.client.AbstractClientHttpRequest.execute(AbstractClientHttpRequest.java:66)
	at org.springframework.web.client.RestTemplate.doExecute(RestTemplate.java:776)
	... 30 common frames omitted
Caused by: java.net.SocketTimeoutException: Read timed out
	at java.net.SocketInputStream.socketRead0(Native Method)
	at java.net.SocketInputStream.socketRead(SocketInputStream.java:116)
	at java.net.SocketInputStream.read(SocketInputStream.java:171)
	at java.net.SocketInputStream.read(SocketInputStream.java:141)
	at sun.security.ssl.InputRecord.readFully(InputRecord.java:465)
	at sun.security.ssl.InputRecord.read(InputRecord.java:503)
	at sun.security.ssl.SSLSocketImpl.readRecord(SSLSocketImpl.java:975)
	at sun.security.ssl.SSLSocketImpl.performInitialHandshake(SSLSocketImpl.java:1367)
	at sun.security.ssl.SSLSocketImpl.startHandshake(SSLSocketImpl.java:1395)
	at sun.security.ssl.SSLSocketImpl.startHandshake(SSLSocketImpl.java:1379)
	at org.apache.http.conn.ssl.SSLConnectionSocketFactory.createLayeredSocket(SSLConnectionSocketFactory.java:436)
	at org.apache.http.conn.ssl.SSLConnectionSocketFactory.connectSocket(SSLConnectionSocketFactory.java:384)
	at org.apache.http.impl.conn.DefaultHttpClientConnectionOperator.connect(DefaultHttpClientConnectionOperator.java:142)
	... 43 common frames omitted
2021-12-02 22:53:59,288 INFO org.springframework.core.log.LogAccessor [SpringApplicationShutdownHook] stopped bean 'mqttConfig$MqttGateway#sendToMqtt(String)'
2021-12-02 22:53:59,288 INFO org.springframework.core.log.LogAccessor [SpringApplicationShutdownHook] stopped bean 'mqttConfig$MqttGateway'
2021-12-02 22:53:59,288 INFO org.springframework.core.log.LogAccessor [SpringApplicationShutdownHook] Removing {logging-channel-adapter:_org.springframework.integration.errorLogger} as a subscriber to the 'errorChannel' channel
2021-12-02 22:53:59,288 INFO org.springframework.core.log.LogAccessor [SpringApplicationShutdownHook] Channel 'Power Usage API.errorChannel' has 0 subscriber(s).
2021-12-02 22:53:59,288 INFO org.springframework.core.log.LogAccessor [SpringApplicationShutdownHook] stopped bean '_org.springframework.integration.errorLogger'
2021-12-02 22:53:59,288 INFO org.springframework.core.log.LogAccessor [SpringApplicationShutdownHook] Removing {message-handler:mqttConfig.mqttOutbound.serviceActivator} as a subscriber to the 'mqttOutboundChannel' channel
2021-12-02 22:53:59,304 INFO org.springframework.core.log.LogAccessor [SpringApplicationShutdownHook] Channel 'Power Usage API.mqttOutboundChannel' has 0 subscriber(s).
2021-12-02 22:53:59,304 INFO org.springframework.core.log.LogAccessor [SpringApplicationShutdownHook] stopped bean 'mqttConfig.mqttOutbound.serviceActivator'
2021-12-02 22:54:07,661 INFO org.springframework.boot.StartupInfoLogger [restartedMain] Starting Application using Java 1.8.0_241 on NAUTILUS with PID 9168 (C:\Users\MPutt\api\power-api\target\classes started by MPutt in C:\Users\MPutt\api\power-api)
2021-12-02 22:54:07,661 DEBUG org.springframework.boot.StartupInfoLogger [restartedMain] Running with Spring Boot v2.5.2, Spring v5.3.8
2021-12-02 22:54:07,661 INFO org.springframework.boot.SpringApplication [restartedMain] The following profiles are active: local
2021-12-02 22:54:07,864 INFO org.springframework.boot.logging.DeferredLog [restartedMain] The Class-Path manifest attribute in C:\Users\MPutt\.m2\repository\xalan\xalan\2.7.2\xalan-2.7.2.jar referenced one or more files that do not exist: file:/C:/Users/MPutt/.m2/repository/xalan/xalan/2.7.2/xercesImpl.jar,file:/C:/Users/MPutt/.m2/repository/xalan/xalan/2.7.2/xml-apis.jar,file:/C:/Users/MPutt/.m2/repository/xalan/xalan/2.7.2/serializer.jar
2021-12-02 22:54:07,864 INFO org.springframework.boot.logging.DeferredLog [restartedMain] The Class-Path manifest attribute in C:\Users\MPutt\.m2\repository\xalan\serializer\2.7.2\serializer-2.7.2.jar referenced one or more files that do not exist: file:/C:/Users/MPutt/.m2/repository/xalan/serializer/2.7.2/xml-apis.jar
2021-12-02 22:54:07,864 INFO org.springframework.boot.logging.DeferredLog [restartedMain] Devtools property defaults active! Set 'spring.devtools.add-properties' to 'false' to disable
2021-12-02 22:54:07,864 INFO org.springframework.boot.logging.DeferredLog [restartedMain] For additional web related logging consider setting the 'logging.level.web' property to 'DEBUG'
2021-12-02 22:54:10,395 INFO org.springframework.core.log.LogAccessor [restartedMain] No bean named 'errorChannel' has been explicitly defined. Therefore, a default PublishSubscribeChannel will be created.
2021-12-02 22:54:10,473 INFO org.springframework.core.log.LogAccessor [restartedMain] No bean named 'integrationHeaderChannelRegistry' has been explicitly defined. Therefore, a default DefaultHeaderChannelRegistry will be created.
2021-12-02 22:54:11,031 INFO org.springframework.context.support.PostProcessorRegistrationDelegate$BeanPostProcessorChecker [restartedMain] Bean 'org.springframework.integration.config.IntegrationManagementConfiguration' of type [org.springframework.integration.config.IntegrationManagementConfiguration] is not eligible for getting processed by all BeanPostProcessors (for example: not eligible for auto-proxying)
2021-12-02 22:54:11,062 INFO org.springframework.context.support.PostProcessorRegistrationDelegate$BeanPostProcessorChecker [restartedMain] Bean 'integrationChannelResolver' of type [org.springframework.integration.support.channel.BeanFactoryChannelResolver] is not eligible for getting processed by all BeanPostProcessors (for example: not eligible for auto-proxying)
2021-12-02 22:54:11,062 INFO org.springframework.context.support.PostProcessorRegistrationDelegate$BeanPostProcessorChecker [restartedMain] Bean 'integrationDisposableAutoCreatedBeans' of type [org.springframework.integration.config.annotation.Disposables] is not eligible for getting processed by all BeanPostProcessors (for example: not eligible for auto-proxying)
2021-12-02 22:54:11,719 INFO org.springframework.boot.web.embedded.tomcat.TomcatWebServer [restartedMain] Tomcat initialized with port(s): 8081 (http)
2021-12-02 22:54:11,734 INFO org.apache.juli.logging.DirectJDKLog [restartedMain] Initializing ProtocolHandler ["http-nio-0.0.0.0-8081"]
2021-12-02 22:54:11,734 INFO org.apache.juli.logging.DirectJDKLog [restartedMain] Starting service [Tomcat]
2021-12-02 22:54:11,734 INFO org.apache.juli.logging.DirectJDKLog [restartedMain] Starting Servlet engine: [Apache Tomcat/9.0.48]
2021-12-02 22:54:11,969 INFO org.apache.juli.logging.DirectJDKLog [restartedMain] Initializing Spring embedded WebApplicationContext
2021-12-02 22:54:11,969 INFO org.springframework.boot.web.servlet.context.ServletWebServerApplicationContext [restartedMain] Root WebApplicationContext: initialization completed in 4105 ms
2021-12-02 22:54:14,513 INFO org.springframework.boot.autoconfigure.security.servlet.UserDetailsServiceAutoConfiguration [restartedMain] 

Using generated security password: 557b2d5a-2a5a-4742-801e-95c9183902f7

2021-12-02 22:54:14,810 INFO org.springframework.boot.actuate.endpoint.web.EndpointLinksResolver [restartedMain] Exposing 1 endpoint(s) beneath base path '/actuator'
2021-12-02 22:54:14,825 INFO org.springframework.security.web.DefaultSecurityFilterChain [restartedMain] Will secure any request with [org.springframework.security.web.context.request.async.WebAsyncManagerIntegrationFilter@2463d40f, org.springframework.security.web.context.SecurityContextPersistenceFilter@18e96737, org.springframework.security.web.header.HeaderWriterFilter@4c21342e, org.springframework.web.filter.CorsFilter@220f4739, org.springframework.security.web.csrf.CsrfFilter@55b2f04, org.springframework.security.web.authentication.logout.LogoutFilter@1831a04d, org.springframework.security.web.authentication.UsernamePasswordAuthenticationFilter@e5768fc, org.springframework.security.web.authentication.ui.DefaultLoginPageGeneratingFilter@18f8a7c, org.springframework.security.web.authentication.ui.DefaultLogoutPageGeneratingFilter@224758a7, org.springframework.security.web.authentication.www.BasicAuthenticationFilter@550b30c, org.springframework.security.web.savedrequest.RequestCacheAwareFilter@56aaa005, org.springframework.security.web.servletapi.SecurityContextHolderAwareRequestFilter@17d02f70, org.springframework.security.web.authentication.AnonymousAuthenticationFilter@24eab2ea, org.springframework.security.web.session.SessionManagementFilter@4be105ff, org.springframework.security.web.access.ExceptionTranslationFilter@183d134d, org.springframework.security.web.access.intercept.FilterSecurityInterceptor@37c22c8e]
2021-12-02 22:54:14,998 INFO org.springframework.boot.devtools.autoconfigure.OptionalLiveReloadServer [restartedMain] LiveReload server is running on port 35729
2021-12-02 22:54:15,123 INFO org.springframework.core.log.LogAccessor [restartedMain] Adding {logging-channel-adapter:_org.springframework.integration.errorLogger} as a subscriber to the 'errorChannel' channel
2021-12-02 22:54:15,123 INFO org.springframework.core.log.LogAccessor [restartedMain] Channel 'Power Usage API.errorChannel' has 1 subscriber(s).
2021-12-02 22:54:15,123 INFO org.springframework.core.log.LogAccessor [restartedMain] started bean '_org.springframework.integration.errorLogger'
2021-12-02 22:54:15,123 INFO org.springframework.core.log.LogAccessor [restartedMain] Adding {message-handler:mqttConfig.mqttOutbound.serviceActivator} as a subscriber to the 'mqttOutboundChannel' channel
2021-12-02 22:54:15,123 INFO org.springframework.core.log.LogAccessor [restartedMain] Channel 'Power Usage API.mqttOutboundChannel' has 1 subscriber(s).
2021-12-02 22:54:15,123 INFO org.springframework.core.log.LogAccessor [restartedMain] started bean 'mqttConfig.mqttOutbound.serviceActivator'
2021-12-02 22:54:15,123 INFO org.springframework.core.log.LogAccessor [restartedMain] started bean 'mqttConfig$MqttGateway#sendToMqtt(String)'
2021-12-02 22:54:15,123 INFO org.springframework.core.log.LogAccessor [restartedMain] started bean 'mqttConfig$MqttGateway'
2021-12-02 22:54:15,123 INFO org.apache.juli.logging.DirectJDKLog [restartedMain] Starting ProtocolHandler ["http-nio-0.0.0.0-8081"]
2021-12-02 22:54:15,154 INFO org.springframework.boot.web.embedded.tomcat.TomcatWebServer [restartedMain] Tomcat started on port(s): 8081 (http) with context path ''
2021-12-02 22:54:29,305 INFO org.springframework.boot.StartupInfoLogger [restartedMain] Started Application in 23.06 seconds (JVM running for 24.657)
